# JRE version: OpenJDK Runtime Environment Temurin-21.0.11+10 (21.0.11+10) (build 21.0.11+10-LTS)
# Java VM: OpenJDK 64-Bit Server VM Temurin-21.0.11+10 (21.0.11+10-LTS, mixed mode, sharing, tiered, compressed oops, compressed class ptrs, g1 gc, windows-amd64)
GC Precious Log:
 CardTable entry size: 512
 Card Set container configuration: InlinePtr #cards 4 size 8 Array Of Cards #cards 32 size 80 Howl #buckets 8 coarsen threshold 7372 Howl Bitmap #cards 1024 size 144 coarsen threshold 921 Card regions per heap region 1 cards per card region 8192
 CPUs: 8 total, 8 available
 Memory: 7998M
 Large Page Support: Disabled
 NUMA Support: Disabled
 Compressed Oops: Enabled (Zero based)
 Heap Region Size: 4M
 Heap Min Capacity: 8M
 Heap Initial Capacity: 128M
 Heap Max Capacity: 8G
 Pre-touch: Disabled
 Parallel Workers: 8
 Concurrent Workers: 2
 Concurrent Refinement Workers: 8
 Periodic GC: Disabled
Heap:
 garbage-first heap   total 114688K, used 77968K [0x0000000600000000, 0x0000000800000000)
  region size 4096K, 6 young (24576K), 2 survivors (8192K)
 Metaspace       used 72593K, committed 74688K, reserved 1114112K
  class space    used 10714K, committed 11776K, reserved 1048576K
GC Heap History (20 events):
Event: 16.577 GC heap before
{Heap before GC invocations=10 (full 0):
 garbage-first heap   total 110592K, used 93116K [0x0000000600000000, 0x0000000800000000)
  region size 4096K, 16 young (65536K), 1 survivors (4096K)
 Metaspace       used 41838K, committed 43392K, reserved 1114112K
  class space    used 6089K, committed 6848K, reserved 1048576K
}
Event: 16.585 GC heap after
{Heap after GC invocations=11 (full 0):
 garbage-first heap   total 110592K, used 35269K [0x0000000600000000, 0x0000000800000000)
  region size 4096K, 2 young (8192K), 2 survivors (8192K)
 Metaspace       used 41838K, committed 43392K, reserved 1114112K
  class space    used 6089K, committed 6848K, reserved 1048576K
}
Event: 18.220 GC heap before
{Heap before GC invocations=11 (full 0):
 garbage-first heap   total 110592K, used 92613K [0x0000000600000000, 0x0000000800000000)
  region size 4096K, 16 young (65536K), 2 survivors (8192K)
 Metaspace       used 45525K, committed 47168K, reserved 1114112K
  class space    used 6742K, committed 7552K, reserved 1048576K
}
Event: 18.231 GC heap after
{Heap after GC invocations=12 (full 0):
 garbage-first heap   total 110592K, used 37845K [0x0000000600000000, 0x0000000800000000)
  region size 4096K, 2 young (8192K), 2 survivors (8192K)
 Metaspace       used 45525K, committed 47168K, reserved 1114112K
  class space    used 6742K, committed 7552K, reserved 1048576K
}
Event: 19.864 GC heap before
{Heap before GC invocations=12 (full 0):
 garbage-first heap   total 110592K, used 95189K [0x0000000600000000, 0x0000000800000000)
  region size 4096K, 16 young (65536K), 2 survivors (8192K)
 Metaspace       used 49234K, committed 50944K, reserved 1114112K
  class space    used 7281K, committed 8128K, reserved 1048576K
}
Event: 19.875 GC heap after
{Heap after GC invocations=13 (full 0):
 garbage-first heap   total 110592K, used 42637K [0x0000000600000000, 0x0000000800000000)
  region size 4096K, 2 young (8192K), 2 survivors (8192K)
 Metaspace       used 49234K, committed 50944K, reserved 1114112K
  class space    used 7281K, committed 8128K, reserved 1048576K
}
Event: 22.247 GC heap before
{Heap before GC invocations=13 (full 0):
 garbage-first heap   total 110592K, used 91789K [0x0000000600000000, 0x0000000800000000)
  region size 4096K, 15 young (61440K), 2 survivors (8192K)
 Metaspace       used 53734K, committed 55680K, reserved 1114112K
  class space    used 8004K, committed 8960K, reserved 1048576K
}
Event: 22.263 GC heap after
{Heap after GC invocations=14 (full 0):
 garbage-first heap   total 114688K, used 50554K [0x0000000600000000, 0x0000000800000000)
  region size 4096K, 2 young (8192K), 2 survivors (8192K)
 Metaspace       used 53734K, committed 55680K, reserved 1114112K
  class space    used 8004K, committed 8960K, reserved 1048576K
}
Event: 24.227 GC heap before
{Heap before GC invocations=14 (full 0):
 garbage-first heap   total 114688K, used 87418K [0x0000000600000000, 0x0000000800000000)
  region size 4096K, 12 young (49152K), 2 survivors (8192K)
 Metaspace       used 58234K, committed 60096K, reserved 1114112K
  class space    used 8588K, committed 9536K, reserved 1048576K
}
Event: 24.237 GC heap after
{Heap after GC invocations=15 (full 0):
 garbage-first heap   total 114688K, used 52315K [0x0000000600000000, 0x0000000800000000)
  region size 4096K, 1 young (4096K), 1 survivors (4096K)
 Metaspace       used 58234K, committed 60096K, reserved 1114112K
  class space    used 8588K, committed 9536K, reserved 1048576K
}
Event: 26.150 GC heap before
{Heap before GC invocations=16 (full 0):
 garbage-first heap   total 114688K, used 97371K [0x0000000600000000, 0x0000000800000000)
  region size 4096K, 12 young (49152K), 1 survivors (4096K)
 Metaspace       used 61971K, committed 63936K, reserved 1114112K
  class space    used 9135K, committed 10112K, reserved 1048576K
}
Event: 26.156 GC heap after
{Heap after GC invocations=17 (full 0):
 garbage-first heap   total 114688K, used 53971K [0x0000000600000000, 0x0000000800000000)
  region size 4096K, 1 young (4096K), 1 survivors (4096K)
 Metaspace       used 61971K, committed 63936K, reserved 1114112K
  class space    used 9135K, committed 10112K, reserved 1048576K
}
Event: 27.382 GC heap before
{Heap before GC invocations=17 (full 0):
 garbage-first heap   total 114688K, used 99027K [0x0000000600000000, 0x0000000800000000)
  region size 4096K, 12 young (49152K), 1 survivors (4096K)
 Metaspace       used 64914K, committed 66880K, reserved 1114112K
  class space    used 9542K, committed 10496K, reserved 1048576K
}
Event: 27.394 GC heap after
{Heap after GC invocations=18 (full 0):
 garbage-first heap   total 114688K, used 54875K [0x0000000600000000, 0x0000000800000000)
  region size 4096K, 2 young (8192K), 2 survivors (8192K)
 Metaspace       used 64914K, committed 66880K, reserved 1114112K
  class space    used 9542K, committed 10496K, reserved 1048576K
}
Event: 33.277 GC heap before
{Heap before GC invocations=18 (full 0):
 garbage-first heap   total 114688K, used 95835K [0x0000000600000000, 0x0000000800000000)
  region size 4096K, 12 young (49152K), 2 survivors (8192K)
 Metaspace       used 67112K, committed 69056K, reserved 1114112K
  class space    used 9846K, committed 10816K, reserved 1048576K
}
Event: 33.290 GC heap after
{Heap after GC invocations=19 (full 0):
 garbage-first heap   total 114688K, used 59426K [0x0000000600000000, 0x0000000800000000)
  region size 4096K, 2 young (8192K), 2 survivors (8192K)
 Metaspace       used 67112K, committed 69056K, reserved 1114112K
  class space    used 9846K, committed 10816K, reserved 1048576K
}
Event: 38.230 GC heap before
{Heap before GC invocations=20 (full 0):
 garbage-first heap   total 114688K, used 100386K [0x0000000600000000, 0x0000000800000000)
  region size 4096K, 12 young (49152K), 2 survivors (8192K)
 Metaspace       used 70218K, committed 72192K, reserved 1114112K
  class space    used 10353K, committed 11328K, reserved 1048576K
}
Event: 38.246 GC heap after
{Heap after GC invocations=21 (full 0):
 garbage-first heap   total 114688K, used 62349K [0x0000000600000000, 0x0000000800000000)
  region size 4096K, 1 young (4096K), 1 survivors (4096K)
 Metaspace       used 70218K, committed 72192K, reserved 1114112K
  class space    used 10353K, committed 11328K, reserved 1048576K
}
Event: 39.928 GC heap before
{Heap before GC invocations=21 (full 0):
 garbage-first heap   total 114688K, used 99213K [0x0000000600000000, 0x0000000800000000)
  region size 4096K, 10 young (40960K), 1 survivors (4096K)
 Metaspace       used 72326K, committed 74432K, reserved 1114112K
  class space    used 10703K, committed 11776K, reserved 1048576K
}
Event: 39.944 GC heap after
{Heap after GC invocations=22 (full 0):
 garbage-first heap   total 114688K, used 65680K [0x0000000600000000, 0x0000000800000000)
  region size 4096K, 2 young (8192K), 2 survivors (8192K)
 Metaspace       used 72326K, committed 74432K, reserved 1114112K
  class space    used 10703K, committed 11776K, reserved 1048576K
}

